2024-12-21 14:53:15,514 INFO o.a.j.u.JMeterUtils: Setting Locale to en_EN
2024-12-21 14:53:15,532 INFO o.a.j.JMeter: Loading user properties from: C:\Users\iavcc\Downloads\Programs\JMeter\apache-jmeter-5.6.3\bin\user.properties
2024-12-21 14:53:15,532 INFO o.a.j.JMeter: Loading system properties from: C:\Users\iavcc\Downloads\Programs\JMeter\apache-jmeter-5.6.3\bin\system.properties
2024-12-21 14:53:15,553 INFO o.a.j.JMeter: Copyright (c) 1998-2024 The Apache Software Foundation
2024-12-21 14:53:15,553 INFO o.a.j.JMeter: Version 5.6.3
2024-12-21 14:53:15,553 INFO o.a.j.JMeter: java.version=19.0.1
2024-12-21 14:53:15,553 INFO o.a.j.JMeter: java.vm.name=Java HotSpot(TM) 64-Bit Server VM
2024-12-21 14:53:15,553 INFO o.a.j.JMeter: os.name=Windows 11
2024-12-21 14:53:15,553 INFO o.a.j.JMeter: os.arch=amd64
2024-12-21 14:53:15,553 INFO o.a.j.JMeter: os.version=10.0
2024-12-21 14:53:15,554 INFO o.a.j.JMeter: file.encoding=UTF-8
2024-12-21 14:53:15,554 INFO o.a.j.JMeter: java.awt.headless=true
2024-12-21 14:53:15,554 INFO o.a.j.JMeter: Max memory     =1073741824
2024-12-21 14:53:15,554 INFO o.a.j.JMeter: Available Processors =8
2024-12-21 14:53:15,566 INFO o.a.j.JMeter: Default Locale=English (EN)
2024-12-21 14:53:15,567 INFO o.a.j.JMeter: JMeter  Locale=English (EN)
2024-12-21 14:53:15,567 INFO o.a.j.JMeter: JMeterHome=C:\Users\iavcc\Downloads\Programs\JMeter\apache-jmeter-5.6.3
2024-12-21 14:53:15,567 INFO o.a.j.JMeter: user.dir  =C:\Users\iavcc\Documents\GitHub\PredictiveWebPerformanceMonitoring\JMeter-AI
2024-12-21 14:53:15,567 INFO o.a.j.JMeter: PWD       =C:\Users\iavcc\Documents\GitHub\PredictiveWebPerformanceMonitoring\JMeter-AI
2024-12-21 14:53:15,569 INFO o.a.j.JMeter: IP: 10.196.177.4 Name: IsmailAvci FullName: host.docker.internal
2024-12-21 14:53:15,588 INFO o.a.j.s.FileServer: Default base='C:\Users\iavcc\Documents\GitHub\PredictiveWebPerformanceMonitoring\JMeter-AI'
2024-12-21 14:53:15,588 INFO o.a.j.s.FileServer: Set new base='c:\Users\iavcc\Documents\GitHub\PredictiveWebPerformanceMonitoring\JMeter-AI\ai_input_generator\..\inputs'
2024-12-21 14:53:15,881 INFO o.a.j.s.SaveService: Testplan (JMX) version: 2.2. Testlog (JTL) version: 2.2
2024-12-21 14:53:15,915 INFO o.a.j.s.SaveService: Using SaveService properties version 5.0
2024-12-21 14:53:15,916 INFO o.a.j.s.SaveService: Using SaveService properties file encoding UTF-8
2024-12-21 14:53:15,916 INFO o.a.j.s.SaveService: Loading file: c:\Users\iavcc\Documents\GitHub\PredictiveWebPerformanceMonitoring\JMeter-AI\ai_input_generator\..\inputs\dynamic_test_plan.jmx
2024-12-21 14:53:16,000 INFO o.a.j.p.h.s.HTTPSamplerBase: Parser for text/html is org.apache.jmeter.protocol.http.parser.LagartoBasedHtmlParser
2024-12-21 14:53:16,000 INFO o.a.j.p.h.s.HTTPSamplerBase: Parser for application/xhtml+xml is org.apache.jmeter.protocol.http.parser.LagartoBasedHtmlParser
2024-12-21 14:53:16,000 INFO o.a.j.p.h.s.HTTPSamplerBase: Parser for application/xml is org.apache.jmeter.protocol.http.parser.LagartoBasedHtmlParser
2024-12-21 14:53:16,000 INFO o.a.j.p.h.s.HTTPSamplerBase: Parser for text/xml is org.apache.jmeter.protocol.http.parser.LagartoBasedHtmlParser
2024-12-21 14:53:16,000 INFO o.a.j.p.h.s.HTTPSamplerBase: Parser for text/vnd.wap.wml is org.apache.jmeter.protocol.http.parser.RegexpHTMLParser
2024-12-21 14:53:16,001 INFO o.a.j.p.h.s.HTTPSamplerBase: Parser for text/css is org.apache.jmeter.protocol.http.parser.CssParser
2024-12-21 14:53:16,026 INFO o.a.j.JMeter: Creating summariser <summary>
2024-12-21 14:53:16,042 INFO o.a.j.e.StandardJMeterEngine: Running the test!
2024-12-21 14:53:16,044 INFO o.a.j.s.SampleEvent: List of sample_variables: []
2024-12-21 14:53:16,044 INFO o.a.j.s.SampleEvent: List of sample_variables: []
2024-12-21 14:53:16,060 INFO o.a.j.e.u.CompoundVariable: Note: Function class names must contain the string: '.functions.'
2024-12-21 14:53:16,060 INFO o.a.j.e.u.CompoundVariable: Note: Function class names must not contain the string: '.gui.'
2024-12-21 14:53:16,157 INFO o.a.j.JMeter: Running test (1734781996157)
2024-12-21 14:53:16,178 INFO o.a.j.e.StandardJMeterEngine: Starting ThreadGroup: 1 : Thread Group
2024-12-21 14:53:16,179 INFO o.a.j.e.StandardJMeterEngine: Starting 12 threads for group Thread Group.
2024-12-21 14:53:16,179 INFO o.a.j.e.StandardJMeterEngine: Thread will continue on error
2024-12-21 14:53:16,179 INFO o.a.j.t.ThreadGroup: Starting thread group... number=1 threads=12 ramp-up=5 delayedStart=false
2024-12-21 14:53:16,190 INFO o.a.j.t.ThreadGroup: Started thread group number 1
2024-12-21 14:53:16,190 INFO o.a.j.e.StandardJMeterEngine: All thread groups have been started
2024-12-21 14:53:16,190 INFO o.a.j.t.JMeterThread: Thread started: Thread Group 1-1
2024-12-21 14:53:16,209 INFO o.a.j.p.h.s.HTTPHCAbstractImpl: Local host = IsmailAvci
2024-12-21 14:53:16,216 INFO o.a.j.p.h.s.HTTPHC4Impl: HTTP request retry count = 0
2024-12-21 14:53:16,218 INFO o.a.j.s.SampleResult: Note: Sample TimeStamps are START times
2024-12-21 14:53:16,218 INFO o.a.j.s.SampleResult: sampleresult.default.encoding is set to UTF-8
2024-12-21 14:53:16,218 INFO o.a.j.s.SampleResult: sampleresult.useNanoTime=true
2024-12-21 14:53:16,218 INFO o.a.j.s.SampleResult: sampleresult.nanoThreadSleep=5000
2024-12-21 14:53:16,605 INFO o.a.j.t.JMeterThread: Thread started: Thread Group 1-2
2024-12-21 14:53:16,700 INFO o.a.j.p.h.s.h.LazyLayeredConnectionSocketFactory: Setting up HTTPS TrustAll Socket Factory
2024-12-21 14:53:16,709 INFO o.a.j.u.JsseSSLManager: Using default SSL protocol: TLS
2024-12-21 14:53:16,709 INFO o.a.j.u.JsseSSLManager: SSL session context: per-thread
2024-12-21 14:53:16,894 INFO o.a.j.u.SSLManager: JmeterKeyStore Location:  type JKS
2024-12-21 14:53:16,901 INFO o.a.j.u.SSLManager: KeyStore created OK
2024-12-21 14:53:16,901 WARN o.a.j.u.SSLManager: Keystore file not found, loading empty keystore
2024-12-21 14:53:17,022 INFO o.a.j.t.JMeterThread: Thread started: Thread Group 1-3
2024-12-21 14:53:17,436 INFO o.a.j.t.JMeterThread: Thread started: Thread Group 1-4
2024-12-21 14:53:17,854 INFO o.a.j.t.JMeterThread: Thread started: Thread Group 1-5
2024-12-21 14:53:18,269 INFO o.a.j.t.JMeterThread: Thread started: Thread Group 1-6
2024-12-21 14:53:18,685 INFO o.a.j.t.JMeterThread: Thread started: Thread Group 1-7
2024-12-21 14:53:19,102 INFO o.a.j.t.JMeterThread: Thread started: Thread Group 1-8
2024-12-21 14:53:19,518 INFO o.a.j.t.JMeterThread: Thread started: Thread Group 1-9
2024-12-21 14:53:19,935 INFO o.a.j.t.JMeterThread: Thread started: Thread Group 1-10
2024-12-21 14:53:20,298 INFO o.a.j.t.JMeterThread: Thread is done: Thread Group 1-2
2024-12-21 14:53:20,298 INFO o.a.j.t.JMeterThread: Thread finished: Thread Group 1-2
2024-12-21 14:53:20,307 INFO o.a.j.t.JMeterThread: Thread is done: Thread Group 1-4
2024-12-21 14:53:20,307 INFO o.a.j.t.JMeterThread: Thread is done: Thread Group 1-3
2024-12-21 14:53:20,307 INFO o.a.j.t.JMeterThread: Thread finished: Thread Group 1-4
2024-12-21 14:53:20,307 INFO o.a.j.t.JMeterThread: Thread finished: Thread Group 1-3
2024-12-21 14:53:20,351 INFO o.a.j.t.JMeterThread: Thread started: Thread Group 1-11
2024-12-21 14:53:20,554 INFO o.a.j.t.JMeterThread: Thread is done: Thread Group 1-1
2024-12-21 14:53:20,554 INFO o.a.j.t.JMeterThread: Thread finished: Thread Group 1-1
2024-12-21 14:53:20,626 INFO o.a.j.t.JMeterThread: Thread is done: Thread Group 1-5
2024-12-21 14:53:20,626 INFO o.a.j.t.JMeterThread: Thread finished: Thread Group 1-5
2024-12-21 14:53:20,768 INFO o.a.j.t.JMeterThread: Thread started: Thread Group 1-12
2024-12-21 14:53:21,614 INFO o.a.j.t.JMeterThread: Thread is done: Thread Group 1-7
2024-12-21 14:53:21,614 INFO o.a.j.t.JMeterThread: Thread finished: Thread Group 1-7
2024-12-21 14:53:21,762 INFO o.a.j.t.JMeterThread: Thread is done: Thread Group 1-6
2024-12-21 14:53:21,762 INFO o.a.j.t.JMeterThread: Thread finished: Thread Group 1-6
2024-12-21 14:53:22,193 INFO o.a.j.t.JMeterThread: Thread is done: Thread Group 1-8
2024-12-21 14:53:22,193 INFO o.a.j.t.JMeterThread: Thread finished: Thread Group 1-8
2024-12-21 14:53:22,268 INFO o.a.j.t.JMeterThread: Thread is done: Thread Group 1-9
2024-12-21 14:53:22,269 INFO o.a.j.t.JMeterThread: Thread finished: Thread Group 1-9
2024-12-21 14:53:22,642 INFO o.a.j.t.JMeterThread: Thread is done: Thread Group 1-10
2024-12-21 14:53:22,642 INFO o.a.j.t.JMeterThread: Thread finished: Thread Group 1-10
2024-12-21 14:53:23,004 INFO o.a.j.t.JMeterThread: Thread is done: Thread Group 1-11
2024-12-21 14:53:23,004 INFO o.a.j.t.JMeterThread: Thread finished: Thread Group 1-11
2024-12-21 14:53:23,432 INFO o.a.j.t.JMeterThread: Thread is done: Thread Group 1-12
2024-12-21 14:53:23,432 INFO o.a.j.t.JMeterThread: Thread finished: Thread Group 1-12
2024-12-21 14:53:23,435 INFO o.a.j.e.StandardJMeterEngine: Notifying test listeners of end of test
2024-12-21 14:53:23,440 INFO o.a.j.r.Summariser: summary =    120 in 00:00:07 =   16.5/s Avg:   308 Min:   199 Max:  1600 Err:   120 (100.00%)
