2024-12-21 13:33:15,996 INFO o.a.j.u.JMeterUtils: Setting Locale to en_EN
2024-12-21 13:33:16,010 INFO o.a.j.JMeter: Loading user properties from: C:\Users\iavcc\Downloads\Programs\JMeter\apache-jmeter-5.6.3\bin\user.properties
2024-12-21 13:33:16,010 INFO o.a.j.JMeter: Loading system properties from: C:\Users\iavcc\Downloads\Programs\JMeter\apache-jmeter-5.6.3\bin\system.properties
2024-12-21 13:33:16,033 INFO o.a.j.JMeter: Copyright (c) 1998-2024 The Apache Software Foundation
2024-12-21 13:33:16,033 INFO o.a.j.JMeter: Version 5.6.3
2024-12-21 13:33:16,033 INFO o.a.j.JMeter: java.version=19.0.1
2024-12-21 13:33:16,033 INFO o.a.j.JMeter: java.vm.name=Java HotSpot(TM) 64-Bit Server VM
2024-12-21 13:33:16,033 INFO o.a.j.JMeter: os.name=Windows 11
2024-12-21 13:33:16,034 INFO o.a.j.JMeter: os.arch=amd64
2024-12-21 13:33:16,034 INFO o.a.j.JMeter: os.version=10.0
2024-12-21 13:33:16,034 INFO o.a.j.JMeter: file.encoding=UTF-8
2024-12-21 13:33:16,034 INFO o.a.j.JMeter: java.awt.headless=true
2024-12-21 13:33:16,034 INFO o.a.j.JMeter: Max memory     =1073741824
2024-12-21 13:33:16,034 INFO o.a.j.JMeter: Available Processors =8
2024-12-21 13:33:16,047 INFO o.a.j.JMeter: Default Locale=English (EN)
2024-12-21 13:33:16,047 INFO o.a.j.JMeter: JMeter  Locale=English (EN)
2024-12-21 13:33:16,047 INFO o.a.j.JMeter: JMeterHome=C:\Users\iavcc\Downloads\Programs\JMeter\apache-jmeter-5.6.3
2024-12-21 13:33:16,047 INFO o.a.j.JMeter: user.dir  =C:\Users\iavcc\Documents\GitHub\PredictiveWebPerformanceMonitoring\JMeter-AI\flask_app
2024-12-21 13:33:16,048 INFO o.a.j.JMeter: PWD       =C:\Users\iavcc\Documents\GitHub\PredictiveWebPerformanceMonitoring\JMeter-AI\flask_app
2024-12-21 13:33:16,050 INFO o.a.j.JMeter: IP: 10.196.177.4 Name: IsmailAvci FullName: host.docker.internal
2024-12-21 13:33:16,074 INFO o.a.j.s.FileServer: Default base='C:\Users\iavcc\Documents\GitHub\PredictiveWebPerformanceMonitoring\JMeter-AI\flask_app'
2024-12-21 13:33:16,076 INFO o.a.j.s.FileServer: Set new base='c:\Users\iavcc\Documents\GitHub\PredictiveWebPerformanceMonitoring\JMeter-AI\inputs'
2024-12-21 13:33:16,368 INFO o.a.j.s.SaveService: Testplan (JMX) version: 2.2. Testlog (JTL) version: 2.2
2024-12-21 13:33:16,402 INFO o.a.j.s.SaveService: Using SaveService properties version 5.0
2024-12-21 13:33:16,406 INFO o.a.j.s.SaveService: Using SaveService properties file encoding UTF-8
2024-12-21 13:33:16,409 INFO o.a.j.s.SaveService: Loading file: c:\Users\iavcc\Documents\GitHub\PredictiveWebPerformanceMonitoring\JMeter-AI\inputs\dynamic_test_plan.json
2024-12-21 13:33:16,409 ERROR o.a.j.JMeter: Error in NonGUIDriver
com.thoughtworks.xstream.io.StreamException: 
	at com.thoughtworks.xstream.io.xml.XppReader.pullNextEvent(XppReader.java:124) ~[xstream-1.4.20.jar:1.4.20]
	at com.thoughtworks.xstream.io.xml.AbstractPullReader.readRealEvent(AbstractPullReader.java:148) ~[xstream-1.4.20.jar:1.4.20]
	at com.thoughtworks.xstream.io.xml.AbstractPullReader.readEvent(AbstractPullReader.java:141) ~[xstream-1.4.20.jar:1.4.20]
	at com.thoughtworks.xstream.io.xml.AbstractPullReader.move(AbstractPullReader.java:118) ~[xstream-1.4.20.jar:1.4.20]
	at com.thoughtworks.xstream.io.xml.AbstractPullReader.moveDown(AbstractPullReader.java:103) ~[xstream-1.4.20.jar:1.4.20]
	at com.thoughtworks.xstream.io.xml.XppReader.<init>(XppReader.java:63) ~[xstream-1.4.20.jar:1.4.20]
	at com.thoughtworks.xstream.io.xml.AbstractXppDriver.createReader(AbstractXppDriver.java:54) ~[xstream-1.4.20.jar:1.4.20]
	at com.thoughtworks.xstream.XStream.fromXML(XStream.java:1321) ~[xstream-1.4.20.jar:1.4.20]
	at org.apache.jmeter.save.SaveService.readTree(SaveService.java:446) ~[ApacheJMeter_core.jar:5.6.3]
	at org.apache.jmeter.save.SaveService.loadTree(SaveService.java:429) ~[ApacheJMeter_core.jar:5.6.3]
	at org.apache.jmeter.JMeter.runNonGui(JMeter.java:954) [ApacheJMeter_core.jar:5.6.3]
	at org.apache.jmeter.JMeter.startNonGui(JMeter.java:940) [ApacheJMeter_core.jar:5.6.3]
	at org.apache.jmeter.JMeter.start(JMeter.java:508) [ApacheJMeter_core.jar:5.6.3]
	at java.base/jdk.internal.reflect.DirectMethodHandleAccessor.invoke(DirectMethodHandleAccessor.java:104) ~[?:?]
	at java.base/java.lang.reflect.Method.invoke(Method.java:578) ~[?:?]
	at org.apache.jmeter.NewDriver.main(NewDriver.java:259) [ApacheJMeter.jar:5.6.3]
Caused by: org.xmlpull.v1.XmlPullParserException: only whitespace content allowed before start tag and not c (position: START_DOCUMENT seen c... @1:2) 
	at io.github.xstream.mxparser.MXParser.parseProlog(MXParser.java:1528) ~[mxparser-1.2.2.jar:1.2.2]
	at io.github.xstream.mxparser.MXParser.nextImpl(MXParser.java:1406) ~[mxparser-1.2.2.jar:1.2.2]
	at io.github.xstream.mxparser.MXParser.next(MXParser.java:1104) ~[mxparser-1.2.2.jar:1.2.2]
	at com.thoughtworks.xstream.io.xml.XppReader.pullNextEvent(XppReader.java:109) ~[xstream-1.4.20.jar:1.4.20]
	... 15 more
2024-12-21 13:33:16,430 ERROR o.a.j.JMeter: An error occurred: 
org.apache.jmeter.report.config.ConfigurationException: Error in NonGUIDriver 
	at org.apache.jmeter.JMeter.runNonGui(JMeter.java:1049) ~[ApacheJMeter_core.jar:5.6.3]
	at org.apache.jmeter.JMeter.startNonGui(JMeter.java:940) ~[ApacheJMeter_core.jar:5.6.3]
	at org.apache.jmeter.JMeter.start(JMeter.java:508) [ApacheJMeter_core.jar:5.6.3]
	at java.base/jdk.internal.reflect.DirectMethodHandleAccessor.invoke(DirectMethodHandleAccessor.java:104) ~[?:?]
	at java.base/java.lang.reflect.Method.invoke(Method.java:578) ~[?:?]
	at org.apache.jmeter.NewDriver.main(NewDriver.java:259) [ApacheJMeter.jar:5.6.3]
Caused by: com.thoughtworks.xstream.io.StreamException: 
	at com.thoughtworks.xstream.io.xml.XppReader.pullNextEvent(XppReader.java:124) ~[xstream-1.4.20.jar:1.4.20]
	at com.thoughtworks.xstream.io.xml.AbstractPullReader.readRealEvent(AbstractPullReader.java:148) ~[xstream-1.4.20.jar:1.4.20]
	at com.thoughtworks.xstream.io.xml.AbstractPullReader.readEvent(AbstractPullReader.java:141) ~[xstream-1.4.20.jar:1.4.20]
	at com.thoughtworks.xstream.io.xml.AbstractPullReader.move(AbstractPullReader.java:118) ~[xstream-1.4.20.jar:1.4.20]
	at com.thoughtworks.xstream.io.xml.AbstractPullReader.moveDown(AbstractPullReader.java:103) ~[xstream-1.4.20.jar:1.4.20]
	at com.thoughtworks.xstream.io.xml.XppReader.<init>(XppReader.java:63) ~[xstream-1.4.20.jar:1.4.20]
	at com.thoughtworks.xstream.io.xml.AbstractXppDriver.createReader(AbstractXppDriver.java:54) ~[xstream-1.4.20.jar:1.4.20]
	at com.thoughtworks.xstream.XStream.fromXML(XStream.java:1321) ~[xstream-1.4.20.jar:1.4.20]
	at org.apache.jmeter.save.SaveService.readTree(SaveService.java:446) ~[ApacheJMeter_core.jar:5.6.3]
	at org.apache.jmeter.save.SaveService.loadTree(SaveService.java:429) ~[ApacheJMeter_core.jar:5.6.3]
	at org.apache.jmeter.JMeter.runNonGui(JMeter.java:954) ~[ApacheJMeter_core.jar:5.6.3]
	... 5 more
Caused by: org.xmlpull.v1.XmlPullParserException: only whitespace content allowed before start tag and not c (position: START_DOCUMENT seen c... @1:2) 
	at io.github.xstream.mxparser.MXParser.parseProlog(MXParser.java:1528) ~[mxparser-1.2.2.jar:1.2.2]
	at io.github.xstream.mxparser.MXParser.nextImpl(MXParser.java:1406) ~[mxparser-1.2.2.jar:1.2.2]
	at io.github.xstream.mxparser.MXParser.next(MXParser.java:1104) ~[mxparser-1.2.2.jar:1.2.2]
	at com.thoughtworks.xstream.io.xml.XppReader.pullNextEvent(XppReader.java:109) ~[xstream-1.4.20.jar:1.4.20]
	at com.thoughtworks.xstream.io.xml.AbstractPullReader.readRealEvent(AbstractPullReader.java:148) ~[xstream-1.4.20.jar:1.4.20]
	at com.thoughtworks.xstream.io.xml.AbstractPullReader.readEvent(AbstractPullReader.java:141) ~[xstream-1.4.20.jar:1.4.20]
	at com.thoughtworks.xstream.io.xml.AbstractPullReader.move(AbstractPullReader.java:118) ~[xstream-1.4.20.jar:1.4.20]
	at com.thoughtworks.xstream.io.xml.AbstractPullReader.moveDown(AbstractPullReader.java:103) ~[xstream-1.4.20.jar:1.4.20]
	at com.thoughtworks.xstream.io.xml.XppReader.<init>(XppReader.java:63) ~[xstream-1.4.20.jar:1.4.20]
	at com.thoughtworks.xstream.io.xml.AbstractXppDriver.createReader(AbstractXppDriver.java:54) ~[xstream-1.4.20.jar:1.4.20]
	at com.thoughtworks.xstream.XStream.fromXML(XStream.java:1321) ~[xstream-1.4.20.jar:1.4.20]
	at org.apache.jmeter.save.SaveService.readTree(SaveService.java:446) ~[ApacheJMeter_core.jar:5.6.3]
	at org.apache.jmeter.save.SaveService.loadTree(SaveService.java:429) ~[ApacheJMeter_core.jar:5.6.3]
	at org.apache.jmeter.JMeter.runNonGui(JMeter.java:954) ~[ApacheJMeter_core.jar:5.6.3]
	... 5 more
